<?xml version="1.0" encoding="UTF-8"?>
<!-- Generated by org.testng.reporters.JUnitReportReporter -->
<testsuite name="org.sunbird.testscripts.Admin_TC01" tests="1" time="87.789" ignored="0" failures="0" timestamp="21 Aug 2018 06:57:11 GMT" skipped="0" hostname="ubuntu" errors="0">
  <testcase name="uploadRootOrgTestCase01" time="87.789" classname="org.sunbird.testscripts.Admin_TC01"/>
</testsuite> <!-- org.sunbird.testscripts.Admin_TC01 -->
