<?xml version="1.0" encoding="UTF-8"?>
<!-- Generated by org.testng.reporters.JUnitReportReporter -->
<testsuite name="org.sunbird.testscripts.PublicUser_TC01_02" tests="1" time="7.285" ignored="0" failures="0" timestamp="20 Aug 2018 13:48:56 GMT" skipped="0" hostname="ubuntu" errors="0">
  <testcase name="loginAndChangePasswordTestCase01_02" time="7.285" classname="org.sunbird.testscripts.PublicUser_TC01_02"/>
</testsuite> <!-- org.sunbird.testscripts.PublicUser_TC01_02 -->
