<?xml version="1.0" encoding="UTF-8"?>
<!-- Generated by org.testng.reporters.JUnitReportReporter -->
<testsuite name="org.sunbird.testscripts.PublicUser_TC06" tests="1" time="158.872" ignored="0" failures="0" timestamp="20 Aug 2018 11:28:09 GMT" skipped="0" hostname="ubuntu" errors="0">
  <testcase name="librarySearchTestCase06" time="158.872" classname="org.sunbird.testscripts.PublicUser_TC06"/>
</testsuite> <!-- org.sunbird.testscripts.PublicUser_TC06 -->
