<?xml version="1.0" encoding="UTF-8"?>
<!-- Generated by org.testng.reporters.JUnitReportReporter -->
<testsuite name="org.sunbird.testscripts.PublicUser_TC09" tests="1" time="0.003" ignored="0" failures="0" timestamp="16 Aug 2018 06:27:44 GMT" skipped="1" hostname="ubuntu" errors="0">
  <testcase name="librarySearchFilterTestCase09" time="0.003" classname="org.sunbird.testscripts.PublicUser_TC09">
    <skipped/>
  </testcase> <!-- librarySearchFilterTestCase09 -->
</testsuite> <!-- org.sunbird.testscripts.PublicUser_TC09 -->
