<?xml version="1.0" encoding="UTF-8"?>
<!-- Generated by org.testng.reporters.JUnitReportReporter -->
<testsuite name="org.sunbird.testscripts.Admin_TC01" tests="1" time="0.002" ignored="0" failures="0" timestamp="20 Aug 2018 11:28:09 GMT" skipped="1" hostname="ubuntu" errors="0">
  <testcase name="uploadRootOrgTestCase01" time="0.002" classname="org.sunbird.testscripts.Admin_TC01">
    <skipped/>
  </testcase> <!-- uploadRootOrgTestCase01 -->
</testsuite> <!-- org.sunbird.testscripts.Admin_TC01 -->
