<?xml version="1.0" encoding="UTF-8"?>
<!-- Generated by org.testng.reporters.JUnitReportReporter -->
<testsuite name="org.sunbird.testscripts.Mentor_TC03" tests="1" time="0.009" ignored="0" failures="0" timestamp="16 Aug 2018 06:40:27 GMT" skipped="1" hostname="ubuntu" errors="0">
  <testcase name="checkAvailabilityCourseForInvitedMemberInMentor_TC03" time="0.009" classname="org.sunbird.testscripts.Mentor_TC03">
    <skipped/>
  </testcase> <!-- checkAvailabilityCourseForInvitedMemberInMentor_TC03 -->
</testsuite> <!-- org.sunbird.testscripts.Mentor_TC03 -->
