<?xml version="1.0" encoding="UTF-8"?>
<!-- Generated by org.testng.reporters.JUnitReportReporter -->
<testsuite name="org.sunbird.testscripts.PublicUser_TC10" tests="1" time="0.000" ignored="0" failures="0" timestamp="16 Aug 2018 06:15:00 GMT" skipped="1" hostname="ubuntu" errors="0">
  <testcase name="profilePhototTestCase10" time="0.000" classname="org.sunbird.testscripts.PublicUser_TC10">
    <skipped/>
  </testcase> <!-- profilePhototTestCase10 -->
</testsuite> <!-- org.sunbird.testscripts.PublicUser_TC10 -->
