<?xml version="1.0" encoding="UTF-8"?>
<!-- Generated by org.testng.reporters.JUnitReportReporter -->
<testsuite name="org.sunbird.testscripts.Mentor_TC05" tests="1" time="0.000" ignored="0" failures="0" timestamp="16 Aug 2018 06:15:00 GMT" skipped="1" hostname="ubuntu" errors="0">
  <testcase name="checkStatForOpenBatchMentor_TC05" time="0.000" classname="org.sunbird.testscripts.Mentor_TC05">
    <skipped/>
  </testcase> <!-- checkStatForOpenBatchMentor_TC05 -->
</testsuite> <!-- org.sunbird.testscripts.Mentor_TC05 -->
