<?xml version="1.0" encoding="UTF-8"?>
<!-- Generated by org.testng.reporters.JUnitReportReporter -->
<testsuite name="org.sunbird.testscripts.Creator_TC17" tests="1" time="0.000" ignored="0" failures="0" timestamp="16 Aug 2018 06:40:27 GMT" skipped="1" hostname="ubuntu" errors="0">
  <testcase name="dialCodeLinkTestCase17" time="0.000" classname="org.sunbird.testscripts.Creator_TC17">
    <skipped/>
  </testcase> <!-- dialCodeLinkTestCase17 -->
</testsuite> <!-- org.sunbird.testscripts.Creator_TC17 -->
