<?xml version="1.0" encoding="UTF-8"?>
<!-- Generated by org.testng.reporters.JUnitReportReporter -->
<testsuite name="org.sunbird.testscripts.Announcement_TC05" tests="1" time="0.010" ignored="0" failures="0" timestamp="18 Aug 2018 09:26:33 GMT" skipped="1" hostname="ubuntu" errors="0">
  <testcase name="resendAnnouncement_TC05" time="0.010" classname="org.sunbird.testscripts.Announcement_TC05">
    <skipped/>
  </testcase> <!-- resendAnnouncement_TC05 -->
</testsuite> <!-- org.sunbird.testscripts.Announcement_TC05 -->
