<?xml version="1.0" encoding="UTF-8"?>
<!-- Generated by org.testng.reporters.JUnitReportReporter -->
<testsuite name="org.sunbird.testscripts.Admin_TC03" tests="1" time="0.001" ignored="0" failures="0" timestamp="18 Aug 2018 09:26:33 GMT" skipped="1" hostname="ubuntu" errors="0">
  <testcase name="rootOrgUsersTestCase03" time="0.001" classname="org.sunbird.testscripts.Admin_TC03">
    <skipped/>
  </testcase> <!-- rootOrgUsersTestCase03 -->
</testsuite> <!-- org.sunbird.testscripts.Admin_TC03 -->
