<?xml version="1.0" encoding="UTF-8"?>
<!-- Generated by org.testng.reporters.JUnitReportReporter -->
<testsuite name="org.sunbird.testscripts.Creator_TC08" tests="1" time="0.005" ignored="0" failures="0" timestamp="16 Aug 2018 06:40:27 GMT" skipped="1" hostname="ubuntu" errors="0">
  <testcase name="uploadHtmlTestCase08" time="0.005" classname="org.sunbird.testscripts.Creator_TC08">
    <skipped/>
  </testcase> <!-- uploadHtmlTestCase08 -->
</testsuite> <!-- org.sunbird.testscripts.Creator_TC08 -->
