<?xml version="1.0" encoding="UTF-8"?>
<!-- Generated by org.testng.reporters.JUnitReportReporter -->
<testsuite name="org.sunbird.testscripts.Creator_TC06" tests="1" time="0.002" ignored="0" failures="0" timestamp="18 Aug 2018 09:26:33 GMT" skipped="1" hostname="ubuntu" errors="0">
  <testcase name="uploadYoutubeTestCase06" time="0.002" classname="org.sunbird.testscripts.Creator_TC06">
    <skipped/>
  </testcase> <!-- uploadYoutubeTestCase06 -->
</testsuite> <!-- org.sunbird.testscripts.Creator_TC06 -->
