<?xml version="1.0" encoding="UTF-8"?>
<!-- Generated by org.testng.reporters.JUnitReportReporter -->
<testsuite name="org.sunbird.testscripts.Creator_TC12" tests="1" time="0.002" ignored="0" failures="0" timestamp="16 Aug 2018 06:27:44 GMT" skipped="1" hostname="ubuntu" errors="0">
  <testcase name="myActivityTestCase12" time="0.002" classname="org.sunbird.testscripts.Creator_TC12">
    <skipped/>
  </testcase> <!-- myActivityTestCase12 -->
</testsuite> <!-- org.sunbird.testscripts.Creator_TC12 -->
