<?xml version="1.0" encoding="UTF-8"?>
<!-- Generated by org.testng.reporters.JUnitReportReporter -->
<testsuite name="org.sunbird.testscripts.Mentor_TC10" tests="1" time="0.002" ignored="0" failures="0" timestamp="20 Aug 2018 11:28:09 GMT" skipped="1" hostname="ubuntu" errors="0">
  <testcase name="CheckForDownloadButtonInMentor_TC10" time="0.002" classname="org.sunbird.testscripts.Mentor_TC10">
    <skipped/>
  </testcase> <!-- CheckForDownloadButtonInMentor_TC10 -->
</testsuite> <!-- org.sunbird.testscripts.Mentor_TC10 -->
