<?xml version="1.0" encoding="UTF-8"?>
<!-- Generated by org.testng.reporters.JUnitReportReporter -->
<testsuite name="org.sunbird.testscripts.Admin_TC05" tests="1" time="0.000" ignored="0" failures="0" timestamp="16 Aug 2018 06:40:27 GMT" skipped="1" hostname="ubuntu" errors="0">
  <testcase name="rootUsersProviderAndExtIDtestCase05" time="0.000" classname="org.sunbird.testscripts.Admin_TC05">
    <skipped/>
  </testcase> <!-- rootUsersProviderAndExtIDtestCase05 -->
</testsuite> <!-- org.sunbird.testscripts.Admin_TC05 -->
