<?xml version="1.0" encoding="UTF-8"?>
<!-- Generated by org.testng.reporters.JUnitReportReporter -->
<testsuite name="org.sunbird.testscripts.Creator_TC15" tests="2" time="0.001" ignored="0" failures="0" timestamp="16 Aug 2018 06:40:27 GMT" skipped="2" hostname="ubuntu" errors="0">
  <testcase name="checkReviewSubmissionTestCase15" time="0.000" classname="org.sunbird.testscripts.Creator_TC15">
    <skipped/>
  </testcase> <!-- checkReviewSubmissionTestCase15 -->
  <testcase name="checkReviewSubmissionTestCase15" time="0.001" classname="org.sunbird.testscripts.Creator_TC15">
    <skipped/>
  </testcase> <!-- checkReviewSubmissionTestCase15 -->
</testsuite> <!-- org.sunbird.testscripts.Creator_TC15 -->
