<?xml version="1.0" encoding="UTF-8"?>
<!-- Generated by org.testng.reporters.JUnitReportReporter -->
<testsuite name="org.sunbird.testscripts.Announcement_TC07" tests="1" time="0.004" ignored="0" failures="0" timestamp="16 Aug 2018 06:40:27 GMT" skipped="1" hostname="ubuntu" errors="0">
  <testcase name="resendAndVerifyAsReviewerAnnouncement_TC07" time="0.004" classname="org.sunbird.testscripts.Announcement_TC07">
    <skipped/>
  </testcase> <!-- resendAndVerifyAsReviewerAnnouncement_TC07 -->
</testsuite> <!-- org.sunbird.testscripts.Announcement_TC07 -->
