<?xml version="1.0" encoding="UTF-8"?>
<!-- Generated by org.testng.reporters.JUnitReportReporter -->
<testsuite name="org.sunbird.testscripts.PublicUser_TC04" tests="1" time="0.018" ignored="0" failures="0" timestamp="18 Aug 2018 09:26:33 GMT" skipped="1" hostname="ubuntu" errors="0">
  <testcase name="verifyHomePageTestCase04" time="0.018" classname="org.sunbird.testscripts.PublicUser_TC04">
    <skipped/>
  </testcase> <!-- verifyHomePageTestCase04 -->
</testsuite> <!-- org.sunbird.testscripts.PublicUser_TC04 -->
