<?xml version="1.0" encoding="UTF-8"?>
<!-- Generated by org.testng.reporters.JUnitReportReporter -->
<testsuite name="org.sunbird.testscripts.Admin_TC06" tests="1" time="0.002" ignored="0" failures="0" timestamp="20 Aug 2018 11:28:09 GMT" skipped="1" hostname="ubuntu" errors="0">
  <testcase name="subOrgUsersProviderAndExtIdtestCase06" time="0.002" classname="org.sunbird.testscripts.Admin_TC06">
    <skipped/>
  </testcase> <!-- subOrgUsersProviderAndExtIdtestCase06 -->
</testsuite> <!-- org.sunbird.testscripts.Admin_TC06 -->
