<?xml version="1.0" encoding="UTF-8"?>
<!-- Generated by org.testng.reporters.JUnitReportReporter -->
<testsuite name="org.sunbird.testscripts.Mentor_TC06" tests="1" time="0.001" ignored="0" failures="0" timestamp="16 Aug 2018 06:27:44 GMT" skipped="1" hostname="ubuntu" errors="0">
  <testcase name="updateBatchAsMemberInMentor_TC06" time="0.001" classname="org.sunbird.testscripts.Mentor_TC06">
    <skipped/>
  </testcase> <!-- updateBatchAsMemberInMentor_TC06 -->
</testsuite> <!-- org.sunbird.testscripts.Mentor_TC06 -->
