<?xml version="1.0" encoding="UTF-8"?>
<!-- Generated by org.testng.reporters.JUnitReportReporter -->
<testsuite name="org.sunbird.testscripts.Admin_TC03" tests="1" time="0.009" ignored="0" failures="0" timestamp="20 Aug 2018 11:28:08 GMT" skipped="1" hostname="ubuntu" errors="0">
  <testcase name="rootOrgUsersTestCase03" time="0.009" classname="org.sunbird.testscripts.Admin_TC03">
    <skipped/>
  </testcase> <!-- rootOrgUsersTestCase03 -->
</testsuite> <!-- org.sunbird.testscripts.Admin_TC03 -->
