<?xml version="1.0" encoding="UTF-8"?>
<!-- Generated by org.testng.reporters.JUnitReportReporter -->
<testsuite name="org.sunbird.testscripts.PublicUser_TC01_02" tests="1" time="173.122" ignored="0" failures="0" timestamp="18 Aug 2018 09:26:33 GMT" skipped="0" hostname="ubuntu" errors="0">
  <testcase name="loginAndChangePasswordTestCase01_02" time="173.122" classname="org.sunbird.testscripts.PublicUser_TC01_02"/>
</testsuite> <!-- org.sunbird.testscripts.PublicUser_TC01_02 -->
