<?xml version="1.0" encoding="UTF-8"?>
<!-- Generated by org.testng.reporters.JUnitReportReporter -->
<testsuite name="org.sunbird.testscripts.PublicUser_TC13" tests="1" time="0.007" ignored="0" failures="0" timestamp="16 Aug 2018 06:40:27 GMT" skipped="1" hostname="ubuntu" errors="0">
  <testcase name="searchOrgsTestCase13" time="0.007" classname="org.sunbird.testscripts.PublicUser_TC13">
    <skipped/>
  </testcase> <!-- searchOrgsTestCase13 -->
</testsuite> <!-- org.sunbird.testscripts.PublicUser_TC13 -->
