<?xml version="1.0" encoding="UTF-8"?>
<!-- Generated by org.testng.reporters.JUnitReportReporter -->
<testsuite name="org.sunbird.testscripts.Creator_TC13" tests="1" time="0.012" ignored="0" failures="0" timestamp="20 Aug 2018 11:28:09 GMT" skipped="1" hostname="ubuntu" errors="0">
  <testcase name="editAndSendForReviewTestCase13" time="0.012" classname="org.sunbird.testscripts.Creator_TC13">
    <skipped/>
  </testcase> <!-- editAndSendForReviewTestCase13 -->
</testsuite> <!-- org.sunbird.testscripts.Creator_TC13 -->
