<?xml version="1.0" encoding="UTF-8"?>
<!-- Generated by org.testng.reporters.JUnitReportReporter -->
<testsuite name="org.sunbird.testscripts.PublicUser_TC03" tests="1" time="39.846" ignored="0" failures="0" timestamp="20 Aug 2018 11:28:09 GMT" skipped="0" hostname="ubuntu" errors="0">
  <testcase name="forgotPasswordTestCase03" time="39.846" classname="org.sunbird.testscripts.PublicUser_TC03"/>
</testsuite> <!-- org.sunbird.testscripts.PublicUser_TC03 -->
