<?xml version="1.0" encoding="UTF-8"?>
<!-- Generated by org.testng.reporters.JUnitReportReporter -->
<testsuite name="org.sunbird.testscripts.Creator_TC05" tests="1" time="0.016" ignored="0" failures="0" timestamp="16 Aug 2018 06:15:00 GMT" skipped="1" hostname="ubuntu" errors="0">
  <testcase name="uploadWebmTestCase05" time="0.016" classname="org.sunbird.testscripts.Creator_TC05">
    <skipped/>
  </testcase> <!-- uploadWebmTestCase05 -->
</testsuite> <!-- org.sunbird.testscripts.Creator_TC05 -->
