<?xml version="1.0" encoding="UTF-8"?>
<!-- Generated by org.testng.reporters.JUnitReportReporter -->
<testsuite name="org.sunbird.testscripts.Admin_TC08_10" tests="1" time="0.001" ignored="0" failures="0" timestamp="16 Aug 2018 06:15:00 GMT" skipped="1" hostname="ubuntu" errors="0">
  <testcase name="adminCreationAndCsvTestCaseTC08_10" time="0.001" classname="org.sunbird.testscripts.Admin_TC08_10">
    <skipped/>
  </testcase> <!-- adminCreationAndCsvTestCaseTC08_10 -->
</testsuite> <!-- org.sunbird.testscripts.Admin_TC08_10 -->
