<?xml version="1.0" encoding="UTF-8"?>
<!-- Generated by org.testng.reporters.JUnitReportReporter -->
<testsuite name="org.sunbird.testscripts.Mentor_TC01" tests="1" time="0.005" ignored="0" failures="0" timestamp="16 Aug 2018 06:27:44 GMT" skipped="1" hostname="ubuntu" errors="0">
  <testcase name="checkCourseStatAsMentor_TC01" time="0.005" classname="org.sunbird.testscripts.Mentor_TC01">
    <skipped/>
  </testcase> <!-- checkCourseStatAsMentor_TC01 -->
</testsuite> <!-- org.sunbird.testscripts.Mentor_TC01 -->
