<?xml version="1.0" encoding="UTF-8"?>
<!-- Generated by org.testng.reporters.JUnitReportReporter -->
<testsuite name="org.sunbird.testscripts.Creator_TC02" tests="1" time="0.002" ignored="0" failures="0" timestamp="16 Aug 2018 06:15:00 GMT" skipped="1" hostname="ubuntu" errors="0">
  <testcase name="bookCreationTestCase02" time="0.002" classname="org.sunbird.testscripts.Creator_TC02">
    <skipped/>
  </testcase> <!-- bookCreationTestCase02 -->
</testsuite> <!-- org.sunbird.testscripts.Creator_TC02 -->
