<?xml version="1.0" encoding="UTF-8"?>
<!-- Generated by org.testng.reporters.JUnitReportReporter -->
<testsuite name="org.sunbird.testscripts.Reviewer_TC14" tests="1" time="0.003" ignored="0" failures="0" timestamp="18 Aug 2018 09:26:33 GMT" skipped="1" hostname="ubuntu" errors="0">
  <testcase name="testCase16" time="0.003" classname="org.sunbird.testscripts.Reviewer_TC14">
    <skipped/>
  </testcase> <!-- testCase16 -->
</testsuite> <!-- org.sunbird.testscripts.Reviewer_TC14 -->
