<?xml version="1.0" encoding="UTF-8"?>
<!-- Generated by org.testng.reporters.JUnitReportReporter -->
<testsuite name="org.sunbird.testscripts.Mentor_TC01" tests="1" time="0.000" ignored="0" failures="0" timestamp="18 Aug 2018 09:26:33 GMT" skipped="1" hostname="ubuntu" errors="0">
  <testcase name="checkCourseStatAsMentor_TC01" time="0.000" classname="org.sunbird.testscripts.Mentor_TC01">
    <skipped/>
  </testcase> <!-- checkCourseStatAsMentor_TC01 -->
</testsuite> <!-- org.sunbird.testscripts.Mentor_TC01 -->
