<?xml version="1.0" encoding="UTF-8"?>
<!-- Generated by org.testng.reporters.JUnitReportReporter -->
<testsuite name="org.sunbird.testscripts.PublicUser_TC05" tests="1" time="113.056" ignored="0" failures="0" timestamp="20 Aug 2018 11:28:09 GMT" skipped="0" hostname="ubuntu" errors="0">
  <testcase name="searchCourseTestCase05" time="113.056" classname="org.sunbird.testscripts.PublicUser_TC05"/>
</testsuite> <!-- org.sunbird.testscripts.PublicUser_TC05 -->
