<?xml version="1.0" encoding="UTF-8"?>
<!-- Generated by org.testng.reporters.JUnitReportReporter -->
<testsuite name="org.sunbird.testscripts.Reviewer_TC16" tests="1" time="0.002" ignored="0" failures="0" timestamp="16 Aug 2018 06:40:27 GMT" skipped="1" hostname="ubuntu" errors="0">
  <testcase name="testCase16" time="0.002" classname="org.sunbird.testscripts.Reviewer_TC16">
    <skipped/>
  </testcase> <!-- testCase16 -->
</testsuite> <!-- org.sunbird.testscripts.Reviewer_TC16 -->
