<?xml version="1.0" encoding="UTF-8"?>
<!-- Generated by org.testng.reporters.JUnitReportReporter -->
<testsuite name="org.sunbird.testscripts.Creator_TC14" tests="1" time="0.007" ignored="0" failures="0" timestamp="20 Aug 2018 11:28:09 GMT" skipped="1" hostname="ubuntu" errors="0">
  <testcase name="contentLimitedSharingTestCase14" time="0.007" classname="org.sunbird.testscripts.Creator_TC14">
    <skipped/>
  </testcase> <!-- contentLimitedSharingTestCase14 -->
</testsuite> <!-- org.sunbird.testscripts.Creator_TC14 -->
