<?xml version="1.0" encoding="UTF-8"?>
<!-- Generated by org.testng.reporters.JUnitReportReporter -->
<testsuite name="org.sunbird.testscripts.Mentor_TC13" tests="1" time="0.004" ignored="0" failures="0" timestamp="20 Aug 2018 11:28:09 GMT" skipped="1" hostname="ubuntu" errors="0">
  <testcase name="consumeCourseByInvitedMemberInMentor_TC13" time="0.004" classname="org.sunbird.testscripts.Mentor_TC13">
    <skipped/>
  </testcase> <!-- consumeCourseByInvitedMemberInMentor_TC13 -->
</testsuite> <!-- org.sunbird.testscripts.Mentor_TC13 -->
