<?xml version="1.0" encoding="UTF-8"?>
<!-- Generated by org.testng.reporters.JUnitReportReporter -->
<testsuite name="org.sunbird.testscripts.Creator_TC09" tests="1" time="0.005" ignored="0" failures="0" timestamp="16 Aug 2018 06:40:27 GMT" skipped="1" hostname="ubuntu" errors="0">
  <testcase name="uploadH5pTestCase09" time="0.005" classname="org.sunbird.testscripts.Creator_TC09">
    <skipped/>
  </testcase> <!-- uploadH5pTestCase09 -->
</testsuite> <!-- org.sunbird.testscripts.Creator_TC09 -->
