<?xml version="1.0" encoding="UTF-8"?>
<!-- Generated by org.testng.reporters.JUnitReportReporter -->
<testsuite name="org.sunbird.testscripts.Mentor_TC14" tests="1" time="0.002" ignored="0" failures="0" timestamp="18 Aug 2018 09:26:33 GMT" skipped="1" hostname="ubuntu" errors="0">
  <testcase name="enrollToCourseInOpenBatchMentor_TC14" time="0.002" classname="org.sunbird.testscripts.Mentor_TC14">
    <skipped/>
  </testcase> <!-- enrollToCourseInOpenBatchMentor_TC14 -->
</testsuite> <!-- org.sunbird.testscripts.Mentor_TC14 -->
