<?xml version="1.0" encoding="UTF-8"?>
<!-- Generated by org.testng.reporters.JUnitReportReporter -->
<testsuite name="org.sunbird.testscripts.PublicUser_TC03" tests="1" time="0.009" ignored="0" failures="0" timestamp="16 Aug 2018 06:15:00 GMT" skipped="1" hostname="ubuntu" errors="0">
  <testcase name="forgotPasswordTestCase03" time="0.009" classname="org.sunbird.testscripts.PublicUser_TC03">
    <skipped/>
  </testcase> <!-- forgotPasswordTestCase03 -->
</testsuite> <!-- org.sunbird.testscripts.PublicUser_TC03 -->
