<?xml version="1.0" encoding="UTF-8"?>
<!-- Generated by org.testng.reporters.JUnitReportReporter -->
<testsuite name="org.sunbird.testscripts.Admin_TC09_11" tests="1" time="0.002" ignored="0" failures="0" timestamp="16 Aug 2018 06:27:44 GMT" skipped="1" hostname="ubuntu" errors="0">
  <testcase name="adminConsumptionAndCsvTestCase09_11" time="0.002" classname="org.sunbird.testscripts.Admin_TC09_11">
    <skipped/>
  </testcase> <!-- adminConsumptionAndCsvTestCase09_11 -->
</testsuite> <!-- org.sunbird.testscripts.Admin_TC09_11 -->
